[debug] [2021-05-16T14:29:24.891Z] ----------------------------------------------------------------------
[debug] [2021-05-16T14:29:24.894Z] Command:       /home/kiasnostie/.nvm/versions/node/v14.17.0/bin/node /usr/local/bin/firebase deploy --token 1//0g8CHzfkZUo2RCgYIARAAGBASNwF-L9Irh0Azv7SaBovRRA3lJsiFOku8Y3muRnEdj7LDlsp8Qi1Q_DbShAho482xWi1v3bp8r38
[debug] [2021-05-16T14:29:24.894Z] CLI Version:   9.9.0
[debug] [2021-05-16T14:29:24.894Z] Platform:      linux
[debug] [2021-05-16T14:29:24.894Z] Node Version:  v14.17.0
[debug] [2021-05-16T14:29:24.895Z] Time:          Sun May 16 2021 19:59:24 GMT+0530 (India Standard Time)
[debug] [2021-05-16T14:29:24.895Z] ----------------------------------------------------------------------
[debug] 
[debug] [2021-05-16T14:29:24.903Z] > command requires scopes: ["email","openid","https://www.googleapis.com/auth/cloudplatformprojects.readonly","https://www.googleapis.com/auth/firebase","https://www.googleapis.com/auth/cloud-platform"]
[debug] [2021-05-16T14:29:24.903Z] > authorizing via --token option
[debug] [2021-05-16T14:29:24.904Z] [iam] checking project cseutsav2021 for permissions ["firebase.projects.get","firebasehosting.sites.update"]
[debug] [2021-05-16T14:29:24.906Z] > refreshing access token with scopes: ["email","https://www.googleapis.com/auth/cloud-platform","https://www.googleapis.com/auth/cloudplatformprojects.readonly","https://www.googleapis.com/auth/firebase","openid"]
[debug] [2021-05-16T14:29:24.907Z] >>> HTTP REQUEST POST https://www.googleapis.com/oauth2/v3/token  
 <request body omitted>
[debug] [2021-05-16T14:29:35.339Z] [iam] error while checking permissions, command may fail: FirebaseError: Authentication Error: Your credentials are no longer valid. Please run firebase login --reauth

For CI servers and headless environments, generate a new token with firebase login:ci
[debug] [2021-05-16T14:29:35.344Z] > refreshing access token with scopes: []
[debug] [2021-05-16T14:29:35.345Z] >>> HTTP REQUEST POST https://www.googleapis.com/oauth2/v3/token  
 <request body omitted>
[debug] [2021-05-16T14:29:35.914Z] <<< HTTP RESPONSE 200 {"cache-control":"no-cache, no-store, max-age=0, must-revalidate","pragma":"no-cache","expires":"Mon, 01 Jan 1990 00:00:00 GMT","date":"Sun, 16 May 2021 14:29:35 GMT","content-type":"application/json; charset=utf-8","vary":"X-Origin, Referer, Origin,Accept-Encoding","server":"scaffolding on HTTPServer2","x-xss-protection":"0","x-frame-options":"SAMEORIGIN","x-content-type-options":"nosniff","alt-svc":"h3-29=\":443\"; ma=2592000,h3-T051=\":443\"; ma=2592000,h3-Q050=\":443\"; ma=2592000,h3-Q046=\":443\"; ma=2592000,h3-Q043=\":443\"; ma=2592000,quic=\":443\"; ma=2592000; v=\"46,43\"","accept-ranges":"none","transfer-encoding":"chunked"}
[debug] [2021-05-16T14:29:35.918Z] >>> [apiv2][query] GET https://firebase.googleapis.com/v1beta1/projects/cseutsav2021 [none]
[debug] [2021-05-16T14:29:37.040Z] <<< [apiv2][status] GET https://firebase.googleapis.com/v1beta1/projects/cseutsav2021 200
[debug] [2021-05-16T14:29:37.041Z] <<< [apiv2][body] GET https://firebase.googleapis.com/v1beta1/projects/cseutsav2021 {"projectId":"cseutsav2021","projectNumber":"745088104626","displayName":"cseutsav2021","name":"projects/cseutsav2021","resources":{"hostingSite":"cseutsav2021","realtimeDatabaseInstance":"cseutsav2021-default-rtdb"},"state":"ACTIVE"}
[info] 
[info] === Deploying to 'cseutsav2021'...
[info] 
[info] i  deploying hosting 
[debug] [2021-05-16T14:29:37.053Z] > refreshing access token with scopes: ["email","https://www.googleapis.com/auth/cloud-platform","https://www.googleapis.com/auth/cloudplatformprojects.readonly","https://www.googleapis.com/auth/firebase","openid"]
[debug] [2021-05-16T14:29:37.054Z] >>> HTTP REQUEST POST https://www.googleapis.com/oauth2/v3/token  
 <request body omitted>
[debug] [2021-05-16T14:29:44.894Z] <<< HTTP RESPONSE 200 {"date":"Sun, 16 May 2021 14:29:44 GMT","expires":"Mon, 01 Jan 1990 00:00:00 GMT","pragma":"no-cache","cache-control":"no-cache, no-store, max-age=0, must-revalidate","content-type":"application/json; charset=utf-8","vary":"X-Origin, Referer, Origin,Accept-Encoding","server":"scaffolding on HTTPServer2","x-xss-protection":"0","x-frame-options":"SAMEORIGIN","x-content-type-options":"nosniff","alt-svc":"h3-29=\":443\"; ma=2592000,h3-T051=\":443\"; ma=2592000,h3-Q050=\":443\"; ma=2592000,h3-Q046=\":443\"; ma=2592000,h3-Q043=\":443\"; ma=2592000,quic=\":443\"; ma=2592000; v=\"46,43\"","accept-ranges":"none","transfer-encoding":"chunked"}
[debug] [2021-05-16T14:29:44.899Z] >>> HTTP REQUEST POST https://firebasehosting.googleapis.com/v1beta1/sites/cseutsav2021/versions  
 {"config":{"rewrites":[{"glob":"**","path":"/index.html"}]},"labels":{"deployment-tool":"cli-firebase"}}
[debug] [2021-05-16T14:29:47.336Z] <<< HTTP RESPONSE 200 {"content-type":"application/json; charset=UTF-8","vary":"X-Origin, Referer, Origin,Accept-Encoding","date":"Sun, 16 May 2021 14:29:46 GMT","server":"ESF","cache-control":"private","x-xss-protection":"0","x-frame-options":"SAMEORIGIN","x-content-type-options":"nosniff","alt-svc":"h3-29=\":443\"; ma=2592000,h3-T051=\":443\"; ma=2592000,h3-Q050=\":443\"; ma=2592000,h3-Q046=\":443\"; ma=2592000,h3-Q043=\":443\"; ma=2592000,quic=\":443\"; ma=2592000; v=\"46,43\"","accept-ranges":"none","transfer-encoding":"chunked"}
[info] i  hosting[cseutsav2021]: beginning deploy... 
[info] i  hosting[cseutsav2021]: found 23 files in build 
[debug] [2021-05-16T14:29:48.476Z] > refreshing access token with scopes: []
[debug] [2021-05-16T14:29:48.497Z] >>> HTTP REQUEST POST https://www.googleapis.com/oauth2/v3/token  
 <request body omitted>
[debug] [2021-05-16T14:29:48.499Z] [hosting] hash cache [YnVpbGQ] stored for 23 files
[debug] [2021-05-16T14:29:48.499Z] [hosting][hash queue][FINAL] {"max":1084,"min":36,"avg":107.34782608695652,"active":0,"complete":23,"success":23,"errored":0,"retried":0,"total":23,"elapsed":1115}
[debug] [2021-05-16T14:29:59.569Z] [populateQueue] Retrying task index 0
[debug] [2021-05-16T14:29:59.571Z] > refreshing access token with scopes: []
[debug] [2021-05-16T14:29:59.572Z] >>> HTTP REQUEST POST https://www.googleapis.com/oauth2/v3/token  
 <request body omitted>
[debug] [2021-05-16T14:30:00.655Z] <<< HTTP RESPONSE 200 {"pragma":"no-cache","date":"Sun, 16 May 2021 14:30:00 GMT","cache-control":"no-cache, no-store, max-age=0, must-revalidate","expires":"Mon, 01 Jan 1990 00:00:00 GMT","content-type":"application/json; charset=utf-8","vary":"X-Origin, Referer, Origin,Accept-Encoding","server":"scaffolding on HTTPServer2","x-xss-protection":"0","x-frame-options":"SAMEORIGIN","x-content-type-options":"nosniff","alt-svc":"h3-29=\":443\"; ma=2592000,h3-T051=\":443\"; ma=2592000,h3-Q050=\":443\"; ma=2592000,h3-Q046=\":443\"; ma=2592000,h3-Q043=\":443\"; ma=2592000,quic=\":443\"; ma=2592000; v=\"46,43\"","accept-ranges":"none","transfer-encoding":"chunked"}
[debug] [2021-05-16T14:30:00.661Z] >>> [apiv2][query] POST https://firebasehosting.googleapis.com/v1beta1/sites/cseutsav2021/versions/08b35cd980628e04:populateFiles [none]
[debug] [2021-05-16T14:30:00.662Z] >>> [apiv2][body] POST https://firebasehosting.googleapis.com/v1beta1/sites/cseutsav2021/versions/08b35cd980628e04:populateFiles {"files":{"/asset-manifest.json":"ad7366da94448d23af1a075c524ae8a864bfe91d6061958f54bfe6e500c6f67e","/index.html":"8591c3760f969f4763b94f1d94a18ee455a5e6088fad37757f2c46d9e2601739","/static/css/main.010f3734.chunk.css":"bf4543c64c7801e915c3050ccd408de8a227d66ca993e05b4d793e439d8a248b","/static/css/main.010f3734.chunk.css.map":"c9d210badefb56ac044d8c501ff6e425a0af9308fe762d16756cfe44447d2015","/static/js/2.c474697b.chunk.js.LICENSE.txt":"be72517abac182035be2b31fb7c469fe80d473c04de5ba4ab6fe93acde73e0ff","/static/js/3.e513925e.chunk.js":"7b8e1b6eac215b33566c59d011d6ee5d9ee500344515a18033b5cedc2600a3f3","/static/js/3.e513925e.chunk.js.map":"0ba010898e3e35ef6ebe46a01bdd15b1191d246c2ea6f922493b561ef9c9724e","/static/js/main.bb54138c.chunk.js":"729d5e723858dcc38664110ed46fc0e3a8b14e5eeabcc16b5094632a19b4521b","/static/js/runtime-main.1e731a44.js":"a9e790638d503ff69a844793afa39e603ef61e1770a350ef05abb1ec2a8f9f51","/static/js/runtime-main.1e731a44.js.map":"40edac384186511ba883bfe417dd5effcacac5bd2c3d63c8ca4d3e89a0faf3d4","/static/js/main.bb54138c.chunk.js.map":"00a442c35b7791ea68af5d29b43813a1ad9f5b3ea51ad955c26de088ff6027fb","/static/media/conection.30aa8a01.jpeg":"da34c2b6178963e7221686abe9d0455cf0190fe3adea233b61db5fbe461fc839","/static/media/papy.c7fdcf4d.jpeg":"304ea4d0f7d9ae5028f7a7ff3ff396fcb9bbf4c2ceddf7405281b77daa1a42d0","/static/media/picto.55b0ef58.jpeg":"f767b0e2a051b227f6bba1eb3745f1e22d74ce5455886678453a7a6823b66d49","/static/media/sketchfinal.d6485858.jpeg":"3e6bf4c20e072ed18e39ec9f33823c876959a08b7753085c10dce29ab3a8a09a","/static/media/fri.c46816e2.jpeg":"22227d3b1b6eebbfde5f8980703acb06c3a868bd69d7219d629c36044be1eba3","/static/media/newconfo.e789c7f1.jpeg":"6d8b3a254610679cfb8ba35a9e357806fe365d76d4fc434fa7fb25edaa55cd10","/psnalogo.png":"04edcf9f08d4d198f6198779e20d6494369f8c4ebe69d2e3b86f87c709f1afe7","/static/media/psnalogo.2142bb1d.png":"04edcf9f08d4d198f6198779e20d6494369f8c4ebe69d2e3b86f87c709f1afe7","/static/media/hacko.fd14acc0.jpeg":"ac5b35bac0ea2da726b6b4d1eb86d01a0be1690630d9d75bc5c69071307a5ffe","/static/media/shinfinal.28d303dd.png":"45195ae530bc6ad4f5e0d025757fd88b247bf73f84f1945e44fdd3e41f688dcb","/static/js/2.c474697b.chunk.js":"eb4f2d04ae3a1f6a04e3545fa4e56435fbc3f3752713caa38b1f93c17d85caa1","/static/js/2.c474697b.chunk.js.map":"ba4cf675fa7f8a8557d9fc09f5f6fd45ec35d9c737408cedf755a5d5c955c5ed"}}
[debug] [2021-05-16T14:30:03.870Z] <<< [apiv2][status] POST https://firebasehosting.googleapis.com/v1beta1/sites/cseutsav2021/versions/08b35cd980628e04:populateFiles 200
[debug] [2021-05-16T14:30:03.871Z] <<< [apiv2][body] POST https://firebasehosting.googleapis.com/v1beta1/sites/cseutsav2021/versions/08b35cd980628e04:populateFiles {"uploadRequiredHashes":["ba4cf675fa7f8a8557d9fc09f5f6fd45ec35d9c737408cedf755a5d5c955c5ed"],"uploadUrl":"https://upload-firebasehosting.googleapis.com/upload/sites/cseutsav2021/versions/08b35cd980628e04/files"}
[debug] [2021-05-16T14:30:03.877Z] >>> [apiv2][query] POST https://upload-firebasehosting.googleapis.com/upload/sites/cseutsav2021/versions/08b35cd980628e04/files/ba4cf675fa7f8a8557d9fc09f5f6fd45ec35d9c737408cedf755a5d5c955c5ed [none]
[debug] [2021-05-16T14:30:03.877Z] >>> [apiv2][body] POST https://upload-firebasehosting.googleapis.com/upload/sites/cseutsav2021/versions/08b35cd980628e04/files/ba4cf675fa7f8a8557d9fc09f5f6fd45ec35d9c737408cedf755a5d5c955c5ed [stream]
[debug] [2021-05-16T14:30:03.884Z] [hosting][populate queue][FINAL] {"max":4307,"min":4307,"avg":4307,"active":0,"complete":1,"success":1,"errored":0,"retried":1,"total":1,"elapsed":15409}
[debug] [2021-05-16T14:30:03.885Z] [hosting] uploads queued: 1
[debug] [2021-05-16T14:31:35.102Z] [uploadQueue] Retrying task ba4cf675fa7f8a8557d9fc09f5f6fd45ec35d9c737408cedf755a5d5c955c5ed
[debug] [2021-05-16T14:31:35.104Z] >>> [apiv2][query] POST https://upload-firebasehosting.googleapis.com/upload/sites/cseutsav2021/versions/08b35cd980628e04/files/ba4cf675fa7f8a8557d9fc09f5f6fd45ec35d9c737408cedf755a5d5c955c5ed [none]
[debug] [2021-05-16T14:31:35.105Z] >>> [apiv2][body] POST https://upload-firebasehosting.googleapis.com/upload/sites/cseutsav2021/versions/08b35cd980628e04/files/ba4cf675fa7f8a8557d9fc09f5f6fd45ec35d9c737408cedf755a5d5c955c5ed [stream]
[debug] [2021-05-16T14:33:06.725Z] [uploadQueue] Retrying task ba4cf675fa7f8a8557d9fc09f5f6fd45ec35d9c737408cedf755a5d5c955c5ed
[debug] [2021-05-16T14:33:06.726Z] >>> [apiv2][query] POST https://upload-firebasehosting.googleapis.com/upload/sites/cseutsav2021/versions/08b35cd980628e04/files/ba4cf675fa7f8a8557d9fc09f5f6fd45ec35d9c737408cedf755a5d5c955c5ed [none]
[debug] [2021-05-16T14:33:06.727Z] >>> [apiv2][body] POST https://upload-firebasehosting.googleapis.com/upload/sites/cseutsav2021/versions/08b35cd980628e04/files/ba4cf675fa7f8a8557d9fc09f5f6fd45ec35d9c737408cedf755a5d5c955c5ed [stream]
[debug] [2021-05-16T14:34:39.148Z] [uploadQueue] Retrying task ba4cf675fa7f8a8557d9fc09f5f6fd45ec35d9c737408cedf755a5d5c955c5ed
[debug] [2021-05-16T14:34:39.150Z] >>> [apiv2][query] POST https://upload-firebasehosting.googleapis.com/upload/sites/cseutsav2021/versions/08b35cd980628e04/files/ba4cf675fa7f8a8557d9fc09f5f6fd45ec35d9c737408cedf755a5d5c955c5ed [none]
[debug] [2021-05-16T14:34:39.151Z] >>> [apiv2][body] POST https://upload-firebasehosting.googleapis.com/upload/sites/cseutsav2021/versions/08b35cd980628e04/files/ba4cf675fa7f8a8557d9fc09f5f6fd45ec35d9c737408cedf755a5d5c955c5ed [stream]
[debug] [2021-05-16T14:36:13.171Z] [uploadQueue] Retrying task ba4cf675fa7f8a8557d9fc09f5f6fd45ec35d9c737408cedf755a5d5c955c5ed
[debug] [2021-05-16T14:36:13.174Z] >>> [apiv2][query] POST https://upload-firebasehosting.googleapis.com/upload/sites/cseutsav2021/versions/08b35cd980628e04/files/ba4cf675fa7f8a8557d9fc09f5f6fd45ec35d9c737408cedf755a5d5c955c5ed [none]
[debug] [2021-05-16T14:36:13.175Z] >>> [apiv2][body] POST https://upload-firebasehosting.googleapis.com/upload/sites/cseutsav2021/versions/08b35cd980628e04/files/ba4cf675fa7f8a8557d9fc09f5f6fd45ec35d9c737408cedf755a5d5c955c5ed [stream]
[debug] [2021-05-16T14:37:50.394Z] [uploadQueue] Retrying task ba4cf675fa7f8a8557d9fc09f5f6fd45ec35d9c737408cedf755a5d5c955c5ed
[debug] [2021-05-16T14:37:50.397Z] >>> [apiv2][query] POST https://upload-firebasehosting.googleapis.com/upload/sites/cseutsav2021/versions/08b35cd980628e04/files/ba4cf675fa7f8a8557d9fc09f5f6fd45ec35d9c737408cedf755a5d5c955c5ed [none]
[debug] [2021-05-16T14:37:50.397Z] >>> [apiv2][body] POST https://upload-firebasehosting.googleapis.com/upload/sites/cseutsav2021/versions/08b35cd980628e04/files/ba4cf675fa7f8a8557d9fc09f5f6fd45ec35d9c737408cedf755a5d5c955c5ed [stream]
[debug] [2021-05-16T14:39:56.253Z] ----------------------------------------------------------------------
[debug] [2021-05-16T14:39:56.256Z] Command:       /home/kiasnostie/.nvm/versions/node/v14.17.0/bin/node /usr/local/bin/firebase deploy --token 1//0g8CHzfkZUo2RCgYIARAAGBASNwF-L9Irh0Azv7SaBovRRA3lJsiFOku8Y3muRnEdj7LDlsp8Qi1Q_DbShAho482xWi1v3bp8r38
[debug] [2021-05-16T14:39:56.256Z] CLI Version:   9.9.0
[debug] [2021-05-16T14:39:56.256Z] Platform:      linux
[debug] [2021-05-16T14:39:56.256Z] Node Version:  v14.17.0
[debug] [2021-05-16T14:39:56.257Z] Time:          Sun May 16 2021 20:09:56 GMT+0530 (India Standard Time)
[debug] [2021-05-16T14:39:56.257Z] ----------------------------------------------------------------------
[debug] 
[debug] [2021-05-16T14:39:56.265Z] > command requires scopes: ["email","openid","https://www.googleapis.com/auth/cloudplatformprojects.readonly","https://www.googleapis.com/auth/firebase","https://www.googleapis.com/auth/cloud-platform"]
[debug] [2021-05-16T14:39:56.266Z] > authorizing via --token option
[debug] [2021-05-16T14:39:56.266Z] [iam] checking project cseutsav2021 for permissions ["firebase.projects.get","firebasehosting.sites.update"]
[debug] [2021-05-16T14:39:56.268Z] > refreshing access token with scopes: ["email","https://www.googleapis.com/auth/cloud-platform","https://www.googleapis.com/auth/cloudplatformprojects.readonly","https://www.googleapis.com/auth/firebase","openid"]
[debug] [2021-05-16T14:39:56.269Z] >>> HTTP REQUEST POST https://www.googleapis.com/oauth2/v3/token  
 <request body omitted>
[debug] [2021-05-16T14:40:14.949Z] ----------------------------------------------------------------------
[debug] [2021-05-16T14:40:14.953Z] Command:       /home/kiasnostie/.nvm/versions/node/v14.17.0/bin/node /usr/local/bin/firebase deploy --token 1//0g8CHzfkZUo2RCgYIARAAGBASNwF-L9Irh0Azv7SaBovRRA3lJsiFOku8Y3muRnEdj7LDlsp8Qi1Q_DbShAho482xWi1v3bp8r38
[debug] [2021-05-16T14:40:14.953Z] CLI Version:   9.9.0
[debug] [2021-05-16T14:40:14.953Z] Platform:      linux
[debug] [2021-05-16T14:40:14.954Z] Node Version:  v14.17.0
[debug] [2021-05-16T14:40:14.954Z] Time:          Sun May 16 2021 20:10:14 GMT+0530 (India Standard Time)
[debug] [2021-05-16T14:40:14.954Z] ----------------------------------------------------------------------
[debug] 
[debug] [2021-05-16T14:40:14.964Z] > command requires scopes: ["email","openid","https://www.googleapis.com/auth/cloudplatformprojects.readonly","https://www.googleapis.com/auth/firebase","https://www.googleapis.com/auth/cloud-platform"]
[debug] [2021-05-16T14:40:14.964Z] > authorizing via --token option
[debug] [2021-05-16T14:40:14.964Z] [iam] checking project cseutsav2021 for permissions ["firebase.projects.get","firebasehosting.sites.update"]
[debug] [2021-05-16T14:40:14.967Z] > refreshing access token with scopes: ["email","https://www.googleapis.com/auth/cloud-platform","https://www.googleapis.com/auth/cloudplatformprojects.readonly","https://www.googleapis.com/auth/firebase","openid"]
[debug] [2021-05-16T14:40:14.968Z] >>> HTTP REQUEST POST https://www.googleapis.com/oauth2/v3/token  
 <request body omitted>
[debug] [2021-05-16T14:40:16.177Z] <<< HTTP RESPONSE 200 {"expires":"Mon, 01 Jan 1990 00:00:00 GMT","cache-control":"no-cache, no-store, max-age=0, must-revalidate","pragma":"no-cache","date":"Sun, 16 May 2021 14:40:16 GMT","content-type":"application/json; charset=utf-8","vary":"X-Origin, Referer, Origin,Accept-Encoding","server":"scaffolding on HTTPServer2","x-xss-protection":"0","x-frame-options":"SAMEORIGIN","x-content-type-options":"nosniff","alt-svc":"h3-29=\":443\"; ma=2592000,h3-T051=\":443\"; ma=2592000,h3-Q050=\":443\"; ma=2592000,h3-Q046=\":443\"; ma=2592000,h3-Q043=\":443\"; ma=2592000,quic=\":443\"; ma=2592000; v=\"46,43\"","accept-ranges":"none","transfer-encoding":"chunked"}
[debug] [2021-05-16T14:40:16.183Z] >>> HTTP REQUEST POST https://cloudresourcemanager.googleapis.com/v1/projects/cseutsav2021:testIamPermissions  
 {"permissions":["firebase.projects.get","firebasehosting.sites.update"]}
[debug] [2021-05-16T14:40:18.680Z] <<< HTTP RESPONSE 200 {"content-type":"application/json; charset=UTF-8","vary":"X-Origin, Referer, Origin,Accept-Encoding","date":"Sun, 16 May 2021 14:40:18 GMT","server":"ESF","cache-control":"private","x-xss-protection":"0","x-frame-options":"SAMEORIGIN","x-content-type-options":"nosniff","server-timing":"gfet4t7; dur=1316","alt-svc":"h3-29=\":443\"; ma=2592000,h3-T051=\":443\"; ma=2592000,h3-Q050=\":443\"; ma=2592000,h3-Q046=\":443\"; ma=2592000,h3-Q043=\":443\"; ma=2592000,quic=\":443\"; ma=2592000; v=\"46,43\"","accept-ranges":"none","transfer-encoding":"chunked"}
[debug] [2021-05-16T14:40:18.683Z] > refreshing access token with scopes: []
[debug] [2021-05-16T14:40:18.683Z] >>> HTTP REQUEST POST https://www.googleapis.com/oauth2/v3/token  
 <request body omitted>
[debug] [2021-05-16T14:40:19.383Z] <<< HTTP RESPONSE 200 {"expires":"Mon, 01 Jan 1990 00:00:00 GMT","pragma":"no-cache","cache-control":"no-cache, no-store, max-age=0, must-revalidate","date":"Sun, 16 May 2021 14:40:19 GMT","content-type":"application/json; charset=utf-8","vary":"X-Origin, Referer, Origin,Accept-Encoding","server":"scaffolding on HTTPServer2","x-xss-protection":"0","x-frame-options":"SAMEORIGIN","x-content-type-options":"nosniff","alt-svc":"h3-29=\":443\"; ma=2592000,h3-T051=\":443\"; ma=2592000,h3-Q050=\":443\"; ma=2592000,h3-Q046=\":443\"; ma=2592000,h3-Q043=\":443\"; ma=2592000,quic=\":443\"; ma=2592000; v=\"46,43\"","accept-ranges":"none","transfer-encoding":"chunked"}
[debug] [2021-05-16T14:40:19.385Z] >>> [apiv2][query] GET https://firebase.googleapis.com/v1beta1/projects/cseutsav2021 [none]
[debug] [2021-05-16T14:40:20.674Z] <<< [apiv2][status] GET https://firebase.googleapis.com/v1beta1/projects/cseutsav2021 200
[debug] [2021-05-16T14:40:20.674Z] <<< [apiv2][body] GET https://firebase.googleapis.com/v1beta1/projects/cseutsav2021 {"projectId":"cseutsav2021","projectNumber":"745088104626","displayName":"cseutsav2021","name":"projects/cseutsav2021","resources":{"hostingSite":"cseutsav2021","realtimeDatabaseInstance":"cseutsav2021-default-rtdb"},"state":"ACTIVE"}
[info] 
[info] === Deploying to 'cseutsav2021'...
[info] 
[info] i  deploying hosting 
[debug] [2021-05-16T14:40:20.682Z] > refreshing access token with scopes: ["email","https://www.googleapis.com/auth/cloud-platform","https://www.googleapis.com/auth/cloudplatformprojects.readonly","https://www.googleapis.com/auth/firebase","openid"]
[debug] [2021-05-16T14:40:20.683Z] >>> HTTP REQUEST POST https://www.googleapis.com/oauth2/v3/token  
 <request body omitted>
[debug] [2021-05-16T14:40:21.421Z] <<< HTTP RESPONSE 200 {"date":"Sun, 16 May 2021 14:40:21 GMT","expires":"Mon, 01 Jan 1990 00:00:00 GMT","cache-control":"no-cache, no-store, max-age=0, must-revalidate","pragma":"no-cache","content-type":"application/json; charset=utf-8","vary":"X-Origin, Referer, Origin,Accept-Encoding","server":"scaffolding on HTTPServer2","x-xss-protection":"0","x-frame-options":"SAMEORIGIN","x-content-type-options":"nosniff","alt-svc":"h3-29=\":443\"; ma=2592000,h3-T051=\":443\"; ma=2592000,h3-Q050=\":443\"; ma=2592000,h3-Q046=\":443\"; ma=2592000,h3-Q043=\":443\"; ma=2592000,quic=\":443\"; ma=2592000; v=\"46,43\"","accept-ranges":"none","transfer-encoding":"chunked"}
[debug] [2021-05-16T14:40:21.424Z] >>> HTTP REQUEST POST https://firebasehosting.googleapis.com/v1beta1/sites/cseutsav2021/versions  
 {"config":{"rewrites":[{"glob":"**","path":"/index.html"}]},"labels":{"deployment-tool":"cli-firebase"}}
[debug] [2021-05-16T14:40:23.896Z] <<< HTTP RESPONSE 200 {"content-type":"application/json; charset=UTF-8","vary":"X-Origin, Referer, Origin,Accept-Encoding","date":"Sun, 16 May 2021 14:40:23 GMT","server":"ESF","cache-control":"private","x-xss-protection":"0","x-frame-options":"SAMEORIGIN","x-content-type-options":"nosniff","alt-svc":"h3-29=\":443\"; ma=2592000,h3-T051=\":443\"; ma=2592000,h3-Q050=\":443\"; ma=2592000,h3-Q046=\":443\"; ma=2592000,h3-Q043=\":443\"; ma=2592000,quic=\":443\"; ma=2592000; v=\"46,43\"","accept-ranges":"none","transfer-encoding":"chunked"}
[info] i  hosting[cseutsav2021]: beginning deploy... 
[info] i  hosting[cseutsav2021]: found 23 files in build 
[debug] [2021-05-16T14:40:23.993Z] > refreshing access token with scopes: []
[debug] [2021-05-16T14:40:23.993Z] >>> HTTP REQUEST POST https://www.googleapis.com/oauth2/v3/token  
 <request body omitted>
[debug] [2021-05-16T14:40:23.996Z] [hosting] hash cache [YnVpbGQ] stored for 23 files
[debug] [2021-05-16T14:40:23.996Z] [hosting][hash queue][FINAL] {"max":7,"min":0,"avg":0,"active":0,"complete":23,"success":23,"errored":0,"retried":0,"total":23,"elapsed":14}
[debug] [2021-05-16T14:40:24.651Z] <<< HTTP RESPONSE 200 {"pragma":"no-cache","cache-control":"no-cache, no-store, max-age=0, must-revalidate","expires":"Mon, 01 Jan 1990 00:00:00 GMT","date":"Sun, 16 May 2021 14:40:24 GMT","content-type":"application/json; charset=utf-8","vary":"X-Origin, Referer, Origin,Accept-Encoding","server":"scaffolding on HTTPServer2","x-xss-protection":"0","x-frame-options":"SAMEORIGIN","x-content-type-options":"nosniff","alt-svc":"h3-29=\":443\"; ma=2592000,h3-T051=\":443\"; ma=2592000,h3-Q050=\":443\"; ma=2592000,h3-Q046=\":443\"; ma=2592000,h3-Q043=\":443\"; ma=2592000,quic=\":443\"; ma=2592000; v=\"46,43\"","accept-ranges":"none","transfer-encoding":"chunked"}
[debug] [2021-05-16T14:40:24.655Z] >>> [apiv2][query] POST https://firebasehosting.googleapis.com/v1beta1/sites/cseutsav2021/versions/8c42a3f9cda0462c:populateFiles [none]
[debug] [2021-05-16T14:40:24.656Z] >>> [apiv2][body] POST https://firebasehosting.googleapis.com/v1beta1/sites/cseutsav2021/versions/8c42a3f9cda0462c:populateFiles {"files":{"/asset-manifest.json":"ad7366da94448d23af1a075c524ae8a864bfe91d6061958f54bfe6e500c6f67e","/index.html":"8591c3760f969f4763b94f1d94a18ee455a5e6088fad37757f2c46d9e2601739","/psnalogo.png":"04edcf9f08d4d198f6198779e20d6494369f8c4ebe69d2e3b86f87c709f1afe7","/static/css/main.010f3734.chunk.css":"bf4543c64c7801e915c3050ccd408de8a227d66ca993e05b4d793e439d8a248b","/static/css/main.010f3734.chunk.css.map":"c9d210badefb56ac044d8c501ff6e425a0af9308fe762d16756cfe44447d2015","/static/js/2.c474697b.chunk.js":"eb4f2d04ae3a1f6a04e3545fa4e56435fbc3f3752713caa38b1f93c17d85caa1","/static/js/2.c474697b.chunk.js.LICENSE.txt":"be72517abac182035be2b31fb7c469fe80d473c04de5ba4ab6fe93acde73e0ff","/static/js/2.c474697b.chunk.js.map":"ba4cf675fa7f8a8557d9fc09f5f6fd45ec35d9c737408cedf755a5d5c955c5ed","/static/js/3.e513925e.chunk.js":"7b8e1b6eac215b33566c59d011d6ee5d9ee500344515a18033b5cedc2600a3f3","/static/js/3.e513925e.chunk.js.map":"0ba010898e3e35ef6ebe46a01bdd15b1191d246c2ea6f922493b561ef9c9724e","/static/js/main.bb54138c.chunk.js":"729d5e723858dcc38664110ed46fc0e3a8b14e5eeabcc16b5094632a19b4521b","/static/js/main.bb54138c.chunk.js.map":"00a442c35b7791ea68af5d29b43813a1ad9f5b3ea51ad955c26de088ff6027fb","/static/js/runtime-main.1e731a44.js":"a9e790638d503ff69a844793afa39e603ef61e1770a350ef05abb1ec2a8f9f51","/static/js/runtime-main.1e731a44.js.map":"40edac384186511ba883bfe417dd5effcacac5bd2c3d63c8ca4d3e89a0faf3d4","/static/media/conection.30aa8a01.jpeg":"da34c2b6178963e7221686abe9d0455cf0190fe3adea233b61db5fbe461fc839","/static/media/fri.c46816e2.jpeg":"22227d3b1b6eebbfde5f8980703acb06c3a868bd69d7219d629c36044be1eba3","/static/media/hacko.fd14acc0.jpeg":"ac5b35bac0ea2da726b6b4d1eb86d01a0be1690630d9d75bc5c69071307a5ffe","/static/media/newconfo.e789c7f1.jpeg":"6d8b3a254610679cfb8ba35a9e357806fe365d76d4fc434fa7fb25edaa55cd10","/static/media/papy.c7fdcf4d.jpeg":"304ea4d0f7d9ae5028f7a7ff3ff396fcb9bbf4c2ceddf7405281b77daa1a42d0","/static/media/picto.55b0ef58.jpeg":"f767b0e2a051b227f6bba1eb3745f1e22d74ce5455886678453a7a6823b66d49","/static/media/psnalogo.2142bb1d.png":"04edcf9f08d4d198f6198779e20d6494369f8c4ebe69d2e3b86f87c709f1afe7","/static/media/shinfinal.28d303dd.png":"45195ae530bc6ad4f5e0d025757fd88b247bf73f84f1945e44fdd3e41f688dcb","/static/media/sketchfinal.d6485858.jpeg":"3e6bf4c20e072ed18e39ec9f33823c876959a08b7753085c10dce29ab3a8a09a"}}
[debug] [2021-05-16T14:40:29.955Z] <<< [apiv2][status] POST https://firebasehosting.googleapis.com/v1beta1/sites/cseutsav2021/versions/8c42a3f9cda0462c:populateFiles 200
[debug] [2021-05-16T14:40:29.956Z] <<< [apiv2][body] POST https://firebasehosting.googleapis.com/v1beta1/sites/cseutsav2021/versions/8c42a3f9cda0462c:populateFiles {"uploadRequiredHashes":["ba4cf675fa7f8a8557d9fc09f5f6fd45ec35d9c737408cedf755a5d5c955c5ed"],"uploadUrl":"https://upload-firebasehosting.googleapis.com/upload/sites/cseutsav2021/versions/8c42a3f9cda0462c/files"}
[debug] [2021-05-16T14:40:29.962Z] >>> [apiv2][query] POST https://upload-firebasehosting.googleapis.com/upload/sites/cseutsav2021/versions/8c42a3f9cda0462c/files/ba4cf675fa7f8a8557d9fc09f5f6fd45ec35d9c737408cedf755a5d5c955c5ed [none]
[debug] [2021-05-16T14:40:29.963Z] >>> [apiv2][body] POST https://upload-firebasehosting.googleapis.com/upload/sites/cseutsav2021/versions/8c42a3f9cda0462c/files/ba4cf675fa7f8a8557d9fc09f5f6fd45ec35d9c737408cedf755a5d5c955c5ed [stream]
[debug] [2021-05-16T14:40:29.968Z] [hosting][populate queue][FINAL] {"max":5970,"min":5970,"avg":5970,"active":0,"complete":1,"success":1,"errored":0,"retried":0,"total":1,"elapsed":5976}
[debug] [2021-05-16T14:40:29.969Z] [hosting] uploads queued: 1
